\BOOKMARK [0][-]{chapter*.2}{\376\377\000W\000e\000l\000c\000o\000m\000e\000\040\000a\000n\000d\000\040\000A\000c\000k\000n\000o\000w\000l\000e\000d\000g\000e\000m\000e\000n\000t\000s}{}% 1
\BOOKMARK [0][-]{chapter*.3}{\376\377\000K\000e\000y\000n\000o\000t\000e\000s}{}% 2
\BOOKMARK [1][-]{section*.4}{\376\377\000G\000l\000e\000n\000d\000a\000\040\000C\000o\000x\000\040\000\046\000\040\000B\000i\000a\000n\000c\000a\000\040\000M\000a\000s\000u\000k\000u}{chapter*.3}% 3
\BOOKMARK [1][-]{section*.6}{\376\377\000S\000a\000r\000a\000h\000\040\000E\000l\000a\000i\000n\000e\000\040\000E\000a\000t\000o\000n}{chapter*.3}% 4
\BOOKMARK [1][-]{section*.8}{\376\377\000N\000i\000c\000k\000\040\000B\000e\000r\000t\000r\000a\000n\000d}{chapter*.3}% 5
\BOOKMARK [1][-]{section*.10}{\376\377\000P\000a\000u\000l\000\040\000P\000r\000i\000n\000s\000l\000o\000o}{chapter*.3}% 6
\BOOKMARK [1][-]{section*.11}{\376\377\000C\000o\000n\000g\000r\000e\000s\000s\000\040\000E\000v\000e\000n\000t\000s}{chapter*.3}% 7
\BOOKMARK [0][-]{chapter.1}{\376\377\000S\000a\000t\000u\000r\000d\000a\000y\000,\000\040\000M\000a\000y\000\040\0002\0007\000\040\000|\000\040\000O\000n\000l\000i\000n\000e\000\040\000O\000n\000l\000y}{}% 8
\BOOKMARK [1][-]{section*.14}{\376\377\000W\000e\000l\000c\000o\000m\000e\000\040\000D\000e\000s\000k\000\040\000O\000p\000e\000n\000\040\000\050\0001\0000\000:\0003\0000\000\040\000-\000\040\0001\0002\000:\0003\0000\000\051}{chapter.1}% 9
\BOOKMARK [1][-]{section*.15}{\376\377\000C\000o\000n\000f\000e\000r\000e\000n\000c\000e\000\040\000W\000e\000l\000c\000o\000m\000e\000,\000\040\000A\000n\000n\000o\000u\000n\000c\000e\000m\000e\000n\000t\000s\000\040\000\046\000\040\000L\000a\000n\000d\000\040\000A\000c\000k\000n\000o\000w\000l\000e\000d\000g\000e\000m\000e\000n\000t\000\040\000\050\0001\0000\000:\0003\0000\000\040\000-\000\040\0001\0001\000:\0000\0000\000\051}{chapter.1}% 10
\BOOKMARK [1][-]{section*.16}{\376\377\000K\000e\000y\000n\000o\000t\000e\000\040\000\050\0001\0001\000:\0000\0000\000\040\000-\000\040\0001\0002\000:\0000\0000\000\051}{chapter.1}% 11
\BOOKMARK [1][-]{section*.19}{\376\377\000B\000r\000e\000a\000k\000\040\000|\000\040\0001\0002\000:\0000\0000\000-\0001\0002\000:\0003\0000}{chapter.1}% 12
\BOOKMARK [1][-]{section*.20}{\376\377\000C\000o\000n\000c\000u\000r\000r\000e\000n\000t\000\040\000S\000e\000s\000s\000i\000o\000n\000\040\0001\000\040\000|\000\040\000I\000n\000v\000i\000t\000e\000d\000\040\000S\000p\000e\000a\000k\000e\000r\000s\000\040\000\050\0001\0002\000:\0003\0000\000-\0001\000:\0001\0005\000\051}{chapter.1}% 13
\BOOKMARK [1][-]{section*.23}{\376\377\000B\000r\000e\000a\000k\000\040\000\050\0001\000:\0001\0005\000-\0001\000:\0003\0000\000\051}{chapter.1}% 14
\BOOKMARK [1][-]{section*.24}{\376\377\000C\000o\000n\000c\000u\000r\000r\000e\000n\000t\000\040\000S\000e\000s\000s\000i\000o\000n\000\040\0002\000\040\000\050\0001\000:\0003\0000\000-\0003\000:\0000\0000\000\051}{chapter.1}% 15
\BOOKMARK [1][-]{section*.43}{\376\377\000B\000r\000e\000a\000k\000\040\000\050\0003\000:\0000\0000\000-\0003\000:\0003\0000\000\051}{chapter.1}% 16
\BOOKMARK [1][-]{section*.44}{\376\377\000C\000o\000n\000c\000u\000r\000r\000e\000n\000t\000\040\000S\000e\000s\000s\000i\000o\000n\000\040\0003\000\040\000\050\0003\000:\0003\0000\000-\0005\000:\0000\0000\000\051}{chapter.1}% 17
\BOOKMARK [1][-]{section*.57}{\376\377\000B\000r\000e\000a\000k\000\040\000|\000\040\0005\000:\0000\0000\000-\0005\000:\0001\0005}{chapter.1}% 18
\BOOKMARK [1][-]{section*.58}{\376\377\000C\000o\000n\000c\000u\000r\000r\000e\000n\000t\000\040\000S\000e\000s\000s\000i\000o\000n\000\040\0002\0000\000\040\000|\000\040\000I\000n\000v\000i\000t\000e\000d\000\040\000S\000p\000e\000a\000k\000e\000r\000s\000\040\000|\000\040\0005\000:\0001\0005\000-\0006\000:\0000\0000}{chapter.1}% 19
\BOOKMARK [1][-]{section*.60}{\376\377\000C\000o\000n\000f\000e\000r\000e\000n\000c\000e\000\040\000C\000l\000o\000s\000i\000n\000g\000\040\000|\000\040\0006\000:\0000\0000\000-\0006\000:\0001\0005}{chapter.1}% 20
\BOOKMARK [0][-]{chapter*.61}{\376\377\000A\000s\000y\000n\000c\000h\000r\000o\000n\000o\000u\000s\000\040\000P\000r\000e\000s\000e\000n\000t\000a\000t\000i\000o\000n\000s\000\040\000|\000\040\000S\000a\000t\000u\000r\000d\000a\000y\000,\000\040\000M\000a\000y\000\040\0002\0007\000\040\000-\000\040\000F\000r\000i\000d\000a\000y\000,\000\040\000J\000u\000n\000e\000\040\0002}{}% 21
